<?xml version="1.0" encoding="UTF-8"?>
<!-- Generated by org.testng.reporters.JUnitXMLReporter -->
<testsuite ignored="0" hostname="ADSETBC014505L" failures="1" tests="2" name="DemoProject" time="10.763" errors="0" timestamp="2021-01-21T16:12:44 MST">
  <testcase classname="Example3" name="gmailNavigation" time="2.149"/>
  <testcase classname="Example3" name="myTest2" time="0.0">
    <failure type="java.lang.AssertionError" message="method failed expected [true] but found [false]">
      <![CDATA[java.lang.AssertionError: method failed expected [true] but found [false]
at Example3.myTest2(Example3.java:39)
at java.base/java.util.ArrayList.forEach(ArrayList.java:1511)
at com.intellij.rt.testng.IDEARemoteTestNG.run(IDEARemoteTestNG.java:66)
at com.intellij.rt.testng.RemoteTestNGStarter.main(RemoteTestNGStarter.java:109)
... Removed 27 stack frames]]>
    </failure>
  </testcase> <!-- myTest2 -->
</testsuite> <!-- DemoProject -->
